{"F:\\StudipHACTIV8\\PROJECT\\reflectionAPI\\config\\db.js": {"path":"F:\\StudipHACTIV8\\PROJECT\\reflectionAPI\\config\\db.js","statementMap":{"0":{"start":{"line":1,"column":13},"end":{"line":1,"column":31}},"1":{"start":{"line":3,"column":13},"end":{"line":9,"column":2}},"2":{"start":{"line":11,"column":0},"end":{"line":11,"column":22}}},"fnMap":{},"branchMap":{},"s":{"0":1,"1":1,"2":1},"f":{},"b":{},"_coverageSchema":"1a1c01bbd47fc00a2c39e90264f33305004495a9","hash":"78f5064b7d283330a1dde27335cdd8ea99e8d6e8"}
,"F:\\StudipHACTIV8\\PROJECT\\reflectionAPI\\controller\\user.controller.js": {"path":"F:\\StudipHACTIV8\\PROJECT\\reflectionAPI\\controller\\user.controller.js","statementMap":{"0":{"start":{"line":1,"column":11},"end":{"line":1,"column":34}},"1":{"start":{"line":2,"column":15},"end":{"line":2,"column":32}},"2":{"start":{"line":3,"column":22},"end":{"line":3,"column":74}},"3":{"start":{"line":5,"column":0},"end":{"line":44,"column":1}},"4":{"start":{"line":6,"column":17},"end":{"line":6,"column":25}},"5":{"start":{"line":7,"column":18},"end":{"line":7,"column":28}},"6":{"start":{"line":8,"column":21},"end":{"line":8,"column":34}},"7":{"start":{"line":9,"column":21},"end":{"line":9,"column":67}},"8":{"start":{"line":11,"column":4},"end":{"line":43,"column":6}},"9":{"start":{"line":13,"column":8},"end":{"line":18,"column":9}},"10":{"start":{"line":14,"column":12},"end":{"line":14,"column":30}},"11":{"start":{"line":15,"column":12},"end":{"line":17,"column":14}},"12":{"start":{"line":19,"column":21},"end":{"line":19,"column":43}},"13":{"start":{"line":20,"column":21},"end":{"line":20,"column":52}},"14":{"start":{"line":22,"column":25},"end":{"line":22,"column":93}},"15":{"start":{"line":23,"column":8},"end":{"line":35,"column":10}},"16":{"start":{"line":24,"column":12},"end":{"line":26,"column":13}},"17":{"start":{"line":25,"column":16},"end":{"line":25,"column":42}},"18":{"start":{"line":27,"column":26},"end":{"line":29,"column":14}},"19":{"start":{"line":30,"column":12},"end":{"line":34,"column":15}},"20":{"start":{"line":38,"column":8},"end":{"line":38,"column":23}},"21":{"start":{"line":39,"column":8},"end":{"line":42,"column":10}},"22":{"start":{"line":46,"column":0},"end":{"line":81,"column":1}},"23":{"start":{"line":47,"column":17},"end":{"line":47,"column":25}},"24":{"start":{"line":48,"column":18},"end":{"line":48,"column":28}},"25":{"start":{"line":49,"column":21},"end":{"line":49,"column":34}},"26":{"start":{"line":50,"column":23},"end":{"line":50,"column":69}},"27":{"start":{"line":52,"column":4},"end":{"line":80,"column":6}},"28":{"start":{"line":53,"column":8},"end":{"line":57,"column":9}},"29":{"start":{"line":54,"column":12},"end":{"line":56,"column":15}},"30":{"start":{"line":58,"column":8},"end":{"line":58,"column":30}},"31":{"start":{"line":60,"column":8},"end":{"line":64,"column":11}},"32":{"start":{"line":61,"column":12},"end":{"line":61,"column":42}},"33":{"start":{"line":62,"column":12},"end":{"line":62,"column":31}},"34":{"start":{"line":63,"column":12},"end":{"line":63,"column":37}},"35":{"start":{"line":65,"column":8},"end":{"line":65,"column":29}},"36":{"start":{"line":66,"column":24},"end":{"line":66,"column":66}},"37":{"start":{"line":67,"column":8},"end":{"line":71,"column":9}},"38":{"start":{"line":68,"column":12},"end":{"line":70,"column":15}},"39":{"start":{"line":72,"column":22},"end":{"line":75,"column":10}},"40":{"start":{"line":76,"column":8},"end":{"line":79,"column":11}}},"fnMap":{"0":{"name":"(anonymous_0)","decl":{"start":{"line":5,"column":19},"end":{"line":5,"column":20}},"loc":{"start":{"line":5,"column":39},"end":{"line":44,"column":1}},"line":5},"1":{"name":"(anonymous_1)","decl":{"start":{"line":12,"column":10},"end":{"line":12,"column":11}},"loc":{"start":{"line":12,"column":18},"end":{"line":36,"column":5}},"line":12},"2":{"name":"(anonymous_2)","decl":{"start":{"line":23,"column":29},"end":{"line":23,"column":30}},"loc":{"start":{"line":23,"column":46},"end":{"line":35,"column":9}},"line":23},"3":{"name":"(anonymous_3)","decl":{"start":{"line":37,"column":11},"end":{"line":37,"column":12}},"loc":{"start":{"line":37,"column":18},"end":{"line":43,"column":5}},"line":37},"4":{"name":"(anonymous_4)","decl":{"start":{"line":46,"column":16},"end":{"line":46,"column":17}},"loc":{"start":{"line":46,"column":36},"end":{"line":81,"column":1}},"line":46},"5":{"name":"(anonymous_5)","decl":{"start":{"line":52,"column":38},"end":{"line":52,"column":39}},"loc":{"start":{"line":52,"column":54},"end":{"line":80,"column":5}},"line":52},"6":{"name":"(anonymous_6)","decl":{"start":{"line":60,"column":27},"end":{"line":60,"column":28}},"loc":{"start":{"line":60,"column":38},"end":{"line":64,"column":9}},"line":60}},"branchMap":{"0":{"loc":{"start":{"line":13,"column":8},"end":{"line":18,"column":9}},"type":"if","locations":[{"start":{"line":13,"column":8},"end":{"line":18,"column":9}},{"start":{},"end":{}}],"line":13},"1":{"loc":{"start":{"line":24,"column":12},"end":{"line":26,"column":13}},"type":"if","locations":[{"start":{"line":24,"column":12},"end":{"line":26,"column":13}},{"start":{},"end":{}}],"line":24},"2":{"loc":{"start":{"line":53,"column":8},"end":{"line":57,"column":9}},"type":"if","locations":[{"start":{"line":53,"column":8},"end":{"line":57,"column":9}},{"start":{},"end":{}}],"line":53},"3":{"loc":{"start":{"line":67,"column":8},"end":{"line":71,"column":9}},"type":"if","locations":[{"start":{"line":67,"column":8},"end":{"line":71,"column":9}},{"start":{},"end":{}}],"line":67}},"s":{"0":1,"1":1,"2":1,"3":1,"4":0,"5":0,"6":0,"7":0,"8":0,"9":0,"10":0,"11":0,"12":0,"13":0,"14":0,"15":0,"16":0,"17":0,"18":0,"19":0,"20":0,"21":0,"22":1,"23":3,"24":3,"25":3,"26":3,"27":3,"28":0,"29":0,"30":0,"31":0,"32":0,"33":0,"34":0,"35":0,"36":0,"37":0,"38":0,"39":0,"40":0},"f":{"0":0,"1":0,"2":0,"3":0,"4":3,"5":0,"6":0},"b":{"0":[0,0],"1":[0,0],"2":[0,0],"3":[0,0]},"_coverageSchema":"1a1c01bbd47fc00a2c39e90264f33305004495a9","hash":"87401ff6ebf6feb0047b97000179665e1a4a4e3c"}
,"F:\\StudipHACTIV8\\PROJECT\\reflectionAPI\\midleware\\authentication.js": {"path":"F:\\StudipHACTIV8\\PROJECT\\reflectionAPI\\midleware\\authentication.js","statementMap":{"0":{"start":{"line":1,"column":10},"end":{"line":1,"column":33}},"1":{"start":{"line":2,"column":17},"end":{"line":2,"column":29}},"2":{"start":{"line":4,"column":15},"end":{"line":15,"column":1}},"3":{"start":{"line":5,"column":18},"end":{"line":5,"column":47}},"4":{"start":{"line":6,"column":4},"end":{"line":14,"column":7}},"5":{"start":{"line":7,"column":8},"end":{"line":11,"column":9}},"6":{"start":{"line":8,"column":12},"end":{"line":10,"column":14}},"7":{"start":{"line":12,"column":8},"end":{"line":12,"column":27}},"8":{"start":{"line":13,"column":8},"end":{"line":13,"column":15}},"9":{"start":{"line":17,"column":22},"end":{"line":22,"column":1}},"10":{"start":{"line":18,"column":4},"end":{"line":21,"column":7}},"11":{"start":{"line":23,"column":0},"end":{"line":26,"column":1}}},"fnMap":{"0":{"name":"(anonymous_0)","decl":{"start":{"line":4,"column":15},"end":{"line":4,"column":16}},"loc":{"start":{"line":4,"column":41},"end":{"line":15,"column":1}},"line":4},"1":{"name":"(anonymous_1)","decl":{"start":{"line":6,"column":34},"end":{"line":6,"column":35}},"loc":{"start":{"line":6,"column":51},"end":{"line":14,"column":5}},"line":6},"2":{"name":"(anonymous_2)","decl":{"start":{"line":17,"column":22},"end":{"line":17,"column":23}},"loc":{"start":{"line":17,"column":35},"end":{"line":22,"column":1}},"line":17}},"branchMap":{"0":{"loc":{"start":{"line":7,"column":8},"end":{"line":11,"column":9}},"type":"if","locations":[{"start":{"line":7,"column":8},"end":{"line":11,"column":9}},{"start":{},"end":{}}],"line":7}},"s":{"0":1,"1":1,"2":1,"3":0,"4":0,"5":0,"6":0,"7":0,"8":0,"9":1,"10":0,"11":1},"f":{"0":0,"1":0,"2":0},"b":{"0":[0,0]},"_coverageSchema":"1a1c01bbd47fc00a2c39e90264f33305004495a9","hash":"157d78d5ae5c05d1d8a37f4b252056afc6ed34e4"}
}
